<?xml version='1.0' encoding='UTF-8'?>
<testsuite hostname="pc" name="compress.RLESpec" tests="2" errors="0" failures="0" skipped="0" time="0.017" timestamp="2021-12-08T12:37:54">
          <properties>
[...]
</properties>
          <testcase classname="compress.RLESpec" name="compress.RLE must exist" time="0.016">
                      
                    </testcase><testcase classname="compress.RLESpec" name="compress.RLE must contains methods `compress` and `uncompress` with correct signature" time="0.001">
                      
                    </testcase>
          <system-out><![CDATA[]]></system-out>
          <system-err><![CDATA[]]></system-err>
        </testsuite>